0 info it worked if it ends with ok
1 verbose cli [ '/Users/alexlafroscia/.asdf/installs/nodejs/6.7.0/bin/node',
1 verbose cli   '/Users/alexlafroscia/.asdf/installs/nodejs/6.7.0/bin/npm',
1 verbose cli   'publish' ]
2 info using npm@3.10.3
3 info using node@v6.7.0
4 verbose publish [ '.' ]
5 silly cache add args [ '.', null ]
6 verbose cache add spec .
7 silly cache add parsed spec Result {
7 silly cache add   raw: '.',
7 silly cache add   scope: null,
7 silly cache add   escapedName: null,
7 silly cache add   name: null,
7 silly cache add   rawSpec: '.',
7 silly cache add   spec: '/Users/alexlafroscia/Code/javascript/yaml-merge',
7 silly cache add   type: 'directory' }
8 verbose addLocalDirectory /Users/alexlafroscia/.npm/yaml-merge/0.1.0/package.tgz not in flight; packing
9 verbose correctMkdir /Users/alexlafroscia/.npm correctMkdir not in flight; initializing
10 info lifecycle yaml-merge@0.1.0~prepublish: yaml-merge@0.1.0
11 silly lifecycle yaml-merge@0.1.0~prepublish: no script for prepublish, continuing
12 verbose tar pack [ '/Users/alexlafroscia/.npm/yaml-merge/0.1.0/package.tgz',
12 verbose tar pack   '/Users/alexlafroscia/Code/javascript/yaml-merge' ]
13 verbose tarball /Users/alexlafroscia/.npm/yaml-merge/0.1.0/package.tgz
14 verbose folder /Users/alexlafroscia/Code/javascript/yaml-merge
15 verbose addLocalTarball adding from inside cache /Users/alexlafroscia/.npm/yaml-merge/0.1.0/package.tgz
16 verbose correctMkdir /Users/alexlafroscia/.npm correctMkdir not in flight; initializing
17 silly cache afterAdd yaml-merge@0.1.0
18 verbose afterAdd /Users/alexlafroscia/.npm/yaml-merge/0.1.0/package/package.json not in flight; writing
19 verbose correctMkdir /Users/alexlafroscia/.npm correctMkdir not in flight; initializing
20 verbose afterAdd /Users/alexlafroscia/.npm/yaml-merge/0.1.0/package/package.json written
21 silly publish { name: 'yaml-merge',
21 silly publish   version: '0.1.0',
21 silly publish   description: 'Merge multiple YAML documents into one',
21 silly publish   main: 'index.js',
21 silly publish   bin: { 'yaml-merge': './bin/yaml-merge' },
21 silly publish   license: 'MIT',
21 silly publish   scripts: { test: 'mocha' },
21 silly publish   engines: { node: '>= 5.11.0' },
21 silly publish   dependencies:
21 silly publish    { chai: '^3.5.0',
21 silly publish      'common-tags': '^1.4.0',
21 silly publish      'js-yaml': '^3.7.0',
21 silly publish      lodash: '^4.17.2',
21 silly publish      mocha: '^3.2.0' },
21 silly publish   gitHead: '56eaee862ec025000f047cb07c8ea68118362c28',
21 silly publish   readme: 'ERROR: No README data found!',
21 silly publish   _id: 'yaml-merge@0.1.0',
21 silly publish   _shasum: '3899939a6ef88d5ec2a8f47ff063c03b34f352cd',
21 silly publish   _from: '.' }
22 verbose getPublishConfig undefined
23 silly mapToRegistry name yaml-merge
24 silly mapToRegistry using default registry
25 silly mapToRegistry registry https://registry.npmjs.org/
26 silly mapToRegistry data Result {
26 silly mapToRegistry   raw: 'yaml-merge',
26 silly mapToRegistry   scope: null,
26 silly mapToRegistry   escapedName: 'yaml-merge',
26 silly mapToRegistry   name: 'yaml-merge',
26 silly mapToRegistry   rawSpec: '',
26 silly mapToRegistry   spec: 'latest',
26 silly mapToRegistry   type: 'tag' }
27 silly mapToRegistry uri https://registry.npmjs.org/yaml-merge
28 verbose publish registryBase https://registry.npmjs.org/
29 silly publish uploading /Users/alexlafroscia/.npm/yaml-merge/0.1.0/package.tgz
30 verbose request uri https://registry.npmjs.org/yaml-merge
31 verbose request sending authorization for write operation
32 info attempt registry request try #1 at 10:56:25 AM
33 verbose request using bearer token for auth
34 verbose request id b2fdf5a9708c3fa5
35 http request PUT https://registry.npmjs.org/yaml-merge
36 http 403 https://registry.npmjs.org/yaml-merge
37 verbose headers { 'content-type': 'application/json',
37 verbose headers   'cache-control': 'max-age=300',
37 verbose headers   'content-length': '104',
37 verbose headers   'accept-ranges': 'bytes',
37 verbose headers   date: 'Mon, 12 Dec 2016 18:56:25 GMT',
37 verbose headers   via: '1.1 varnish',
37 verbose headers   connection: 'keep-alive',
37 verbose headers   'x-served-by': 'cache-ord1720-ORD',
37 verbose headers   'x-cache': 'MISS',
37 verbose headers   'x-cache-hits': '0',
37 verbose headers   'x-timer': 'S1481568985.508046,VS0,VE374',
37 verbose headers   vary: 'Accept-Encoding' }
38 verbose request invalidating /Users/alexlafroscia/.npm/registry.npmjs.org/yaml-merge on PUT
39 error publish Failed PUT 403
40 verbose stack Error: you do not have permission to publish "yaml-merge". Are you logged in as the correct user? : yaml-merge
40 verbose stack     at makeError (/Users/alexlafroscia/.asdf/installs/nodejs/6.7.0/lib/node_modules/npm/node_modules/npm-registry-client/lib/request.js:264:12)
40 verbose stack     at CachingRegistryClient.<anonymous> (/Users/alexlafroscia/.asdf/installs/nodejs/6.7.0/lib/node_modules/npm/node_modules/npm-registry-client/lib/request.js:252:14)
40 verbose stack     at Request._callback (/Users/alexlafroscia/.asdf/installs/nodejs/6.7.0/lib/node_modules/npm/node_modules/npm-registry-client/lib/request.js:172:14)
40 verbose stack     at Request.self.callback (/Users/alexlafroscia/.asdf/installs/nodejs/6.7.0/lib/node_modules/npm/node_modules/request/request.js:200:22)
40 verbose stack     at emitTwo (events.js:106:13)
40 verbose stack     at Request.emit (events.js:191:7)
40 verbose stack     at Request.<anonymous> (/Users/alexlafroscia/.asdf/installs/nodejs/6.7.0/lib/node_modules/npm/node_modules/request/request.js:1067:10)
40 verbose stack     at emitOne (events.js:101:20)
40 verbose stack     at Request.emit (events.js:188:7)
40 verbose stack     at IncomingMessage.<anonymous> (/Users/alexlafroscia/.asdf/installs/nodejs/6.7.0/lib/node_modules/npm/node_modules/request/request.js:988:12)
41 verbose statusCode 403
42 verbose pkgid yaml-merge
43 verbose cwd /Users/alexlafroscia/Code/javascript/yaml-merge
44 error Darwin 16.1.0
45 error argv "/Users/alexlafroscia/.asdf/installs/nodejs/6.7.0/bin/node" "/Users/alexlafroscia/.asdf/installs/nodejs/6.7.0/bin/npm" "publish"
46 error node v6.7.0
47 error npm  v3.10.3
48 error code E403
49 error you do not have permission to publish "yaml-merge". Are you logged in as the correct user? : yaml-merge
50 error If you need help, you may report this error at:
50 error     <https://github.com/npm/npm/issues>
51 verbose exit [ 1, true ]
